22:47:00.281 INFO: Starting Inversion Process
22:47:00.281 INFO: Starting Inversion Process
22:47:00.281 INFO: Total number of Sources is 20. Positions:
22:47:00.281 INFO: x = (-480, -5)
22:47:00.281 INFO: x = (-429.474, -5)
22:47:00.281 INFO: x = (-378.947, -5)
22:47:00.281 INFO: x = (-328.421, -5)
22:47:00.281 INFO: x = (-277.895, -5)
22:47:00.281 INFO: x = (-227.368, -5)
22:47:00.281 INFO: x = (-176.842, -5)
22:47:00.281 INFO: x = (-126.316, -5)
22:47:00.281 INFO: x = (-75.7895, -5)
22:47:00.281 INFO: x = (-25.2632, -5)
22:47:00.281 INFO: x = (25.2632, -5)
22:47:00.281 INFO: x = (75.7895, -5)
22:47:00.281 INFO: x = (126.316, -5)
22:47:00.281 INFO: x = (176.842, -5)
22:47:00.281 INFO: x = (227.368, -5)
22:47:00.281 INFO: x = (277.895, -5)
22:47:00.281 INFO: x = (328.421, -5)
22:47:00.281 INFO: x = (378.947, -5)
22:47:00.281 INFO: x = (429.474, -5)
22:47:00.281 INFO: x = (480, -5)
22:47:00.281 INFO: Total number is Receivers is 20. Positions:
22:47:00.281 INFO: x = (-480, -5)
22:47:00.281 INFO: x = (-429.474, -5)
22:47:00.281 INFO: x = (-378.947, -5)
22:47:00.281 INFO: x = (-328.421, -5)
22:47:00.281 INFO: x = (-277.895, -5)
22:47:00.281 INFO: x = (-227.368, -5)
22:47:00.281 INFO: x = (-176.842, -5)
22:47:00.281 INFO: x = (-126.316, -5)
22:47:00.281 INFO: x = (-75.7895, -5)
22:47:00.281 INFO: x = (-25.2632, -5)
22:47:00.281 INFO: x = (25.2632, -5)
22:47:00.281 INFO: x = (75.7895, -5)
22:47:00.281 INFO: x = (126.316, -5)
22:47:00.281 INFO: x = (176.842, -5)
22:47:00.281 INFO: x = (227.368, -5)
22:47:00.281 INFO: x = (277.895, -5)
22:47:00.281 INFO: x = (328.421, -5)
22:47:00.281 INFO: x = (378.947, -5)
22:47:00.281 INFO: x = (429.474, -5)
22:47:00.281 INFO: x = (480, -5)
22:47:00.281 INFO: Total number of frequencies is 13. Values:
22:47:00.281 INFO: f = 10, k = 0.0314159
22:47:00.281 INFO: f = 12.5, k = 0.0392699
22:47:00.281 INFO: f = 15, k = 0.0471239
22:47:00.281 INFO: f = 17.5, k = 0.0549779
22:47:00.281 INFO: f = 20, k = 0.0628319
22:47:00.281 INFO: f = 22.5, k = 0.0706858
22:47:00.281 INFO: f = 25, k = 0.0785398
22:47:00.281 INFO: f = 27.5, k = 0.0863938
22:47:00.281 INFO: f = 30, k = 0.0942478
22:47:00.281 INFO: f = 32.5, k = 0.102102
22:47:00.281 INFO: f = 35, k = 0.109956
22:47:00.281 INFO: f = 37.5, k = 0.11781
22:47:00.281 INFO: f = 40, k = 0.125664
22:47:00.281 INFO: Visualisation of input chi (to be reconstructed)
22:47:00.281 INFO: 2222222222
22:47:00.281 INFO: 7777777777
22:47:00.281 INFO: 7777777777
22:47:00.281 INFO: 9999999999
22:47:00.281 INFO: 8888888888
22:47:00.281 INFO: 2222222222
22:47:00.281 INFO: 2222222222
22:47:00.281 INFO: 2222222222
22:47:00.281 INFO: 2222222222
22:47:00.281 INFO: 2222222222
22:47:00.285 INFO: Starting
22:47:00.285 DEBUG: Virtual memory used: 5392 kB
22:47:00.285 DEBUG: Physical memory used: 5392 kB
22:47:00.285 INFO: Create ForwardModel
22:47:00.285 INFO: Creating Greens function field...
22:47:00.419 INFO: Creating initial Ptot
22:47:00.540 INFO: Create inversionModel
22:47:00.541 INFO: Estimating Chi...
22:47:00.556 INFO: 1/10	 (1/50)	 res: 0.4894336159577361	Not Converged
22:47:00.574 INFO: 1/10	 (2/50)	 res: 0.68064080646357383	Not Converged
22:47:00.590 INFO: 1/10	 (3/50)	 res: 0.43667058683609833	Not Converged
22:47:00.608 INFO: 1/10	 (4/50)	 res: 0.18962782753640356	Not Converged
22:47:00.625 INFO: 1/10	 (5/50)	 res: 0.11511458659562834	Not Converged
22:47:00.642 INFO: 1/10	 (6/50)	 res: 0.055129746968574339	Not Converged
22:47:00.658 INFO: 1/10	 (7/50)	 res: 0.017176098514721114	Not Converged
22:47:00.674 INFO: 1/10	 (8/50)	 res: 0.0085391229005850455	Not Converged
22:47:00.691 INFO: 1/10	 (9/50)	 res: 0.0040045407218370762	Not Converged
22:47:00.709 INFO: 1/10	 (10/50)	 res: 0.001779225098573448	Not Converged
22:47:00.726 INFO: 1/10	 (11/50)	 res: 0.00077643265844867663	Not Converged
22:47:00.743 INFO: 1/10	 (12/50)	 res: 0.00031975302597782995	Not Converged
22:47:00.760 INFO: 1/10	 (13/50)	 res: 0.00011941650380735113	Not Converged
22:47:00.779 INFO: 1/10	 (14/50)	 res: 4.6584834241242418e-05	Not Converged
22:47:00.799 INFO: 1/10	 (15/50)	 res: 2.6185812443790267e-05	Not Converged
22:47:00.819 INFO: 1/10	 (16/50)	 res: 1.112302623449524e-05	Not Converged
22:47:00.837 INFO: 1/10	 (17/50)	 res: 5.0740225769392534e-06	Not Converged
22:47:00.854 INFO: 1/10	 (18/50)	 res: 2.0234399638110482e-06	Not Converged
22:47:00.872 INFO: 1/10	 (19/50)	 res: 6.5636729714542892e-07	Converged
22:47:00.874 INFO: Writing to file
22:47:00.876 INFO: Finished
22:47:00.876 DEBUG: Virtual memory used: 86628 kB
22:47:00.876 DEBUG: Physical memory used: 86628 kB
22:47:00.876 INFO: Visualisation of the estimated chi using FWI
22:47:00.876 INFO: 2222222222
22:47:00.876 INFO: 7777777777
22:47:00.876 INFO: 7777777777
22:47:00.876 INFO: 9999999999
22:47:00.876 INFO: 8888888888
22:47:00.876 INFO: 2222222222
22:47:00.876 INFO: 2222222222
22:47:00.876 INFO: 2222222222
22:47:00.876 INFO: 2222222222
22:47:00.876 INFO: 2222222222
22:47:00.879 INFO: CPU time: 0.48238 seconds
22:47:00.879 INFO: Wall time: 0.591192seconds
22:47:00.879 DEBUG: Virtual memory used: 580592 kB
22:47:00.879 DEBUG: Physical memory used: 86628 kB
