13:18:49.118 INFO: Starting Inversion Process
13:18:49.118 INFO: Starting Inversion Process
13:18:49.118 INFO: Total number of Sources is 10. Positions:
13:18:49.118 INFO: x = (-480, -5)
13:18:49.119 INFO: x = (-373.333, -5)
13:18:49.119 INFO: x = (-266.667, -5)
13:18:49.119 INFO: x = (-160, -5)
13:18:49.119 INFO: x = (-53.3333, -5)
13:18:49.119 INFO: x = (53.3333, -5)
13:18:49.119 INFO: x = (160, -5)
13:18:49.119 INFO: x = (266.667, -5)
13:18:49.119 INFO: x = (373.333, -5)
13:18:49.119 INFO: x = (480, -5)
13:18:49.119 INFO: Total number is Receivers is 10. Positions:
13:18:49.119 INFO: x = (-480, -5)
13:18:49.119 INFO: x = (-373.333, -5)
13:18:49.119 INFO: x = (-266.667, -5)
13:18:49.119 INFO: x = (-160, -5)
13:18:49.119 INFO: x = (-53.3333, -5)
13:18:49.119 INFO: x = (53.3333, -5)
13:18:49.119 INFO: x = (160, -5)
13:18:49.119 INFO: x = (266.667, -5)
13:18:49.119 INFO: x = (373.333, -5)
13:18:49.119 INFO: x = (480, -5)
13:18:49.119 INFO: Total number of frequencies is 5. Values:
13:18:49.119 INFO: f = 10, k = 0.0314159
13:18:49.119 INFO: f = 17.5, k = 0.0549779
13:18:49.119 INFO: f = 25, k = 0.0785398
13:18:49.119 INFO: f = 32.5, k = 0.102102
13:18:49.119 INFO: f = 40, k = 0.125664
13:18:49.119 INFO: Visualisation of input chi (to be reconstructed)
13:18:49.119 INFO: 22222222227777777777777777777799999999998888888888
13:18:49.119 INFO: 22222222222222222222222222222222222222222222222222
13:18:49.119 INFO: 22222222227777777777777777777799999999998888888888
13:18:49.119 INFO: 22222222222222222222222222222222222222222222222222
13:18:49.119 INFO: 22222222227777777777777777777799999999998888888888
13:18:49.119 INFO: 22222222222222222222222222222222222222222222222222
13:18:49.119 INFO: 22222222227777777777777777777799999999998888888888
13:18:49.119 INFO: 22222222222222222222222222222222222222222222222222
13:18:49.119 INFO: 22222222227777777777777777777799999999998888888888
13:18:49.119 INFO: 22222222222222222222222222222222222222222222222222
13:18:49.123 INFO: Starting
13:18:49.123 DEBUG: Virtual memory used: 5360 kB
13:18:49.123 DEBUG: Physical memory used: 5360 kB
13:18:49.123 INFO: Create ForwardModel
13:18:49.124 INFO: Creating Greens function field...
13:18:49.612 INFO: Creating initial Ptot
13:18:49.719 INFO: Create inversionModel
13:18:49.720 INFO: Estimating Chi...
13:18:49.730 INFO: 1/10	 (1/50)	 res: 0.30506451687839831	Not Converged
13:18:49.740 INFO: 1/10	 (2/50)	 res: 0.30498762393936379	Not Converged
13:18:49.749 INFO: 1/10	 (3/50)	 res: 0.23954725578851074	Not Converged
13:18:49.758 INFO: 1/10	 (4/50)	 res: 0.088721989403625259	Not Converged
13:18:49.767 INFO: 1/10	 (5/50)	 res: 0.053537415712841832	Not Converged
13:18:49.775 INFO: 1/10	 (6/50)	 res: 0.027034098135220352	Not Converged
13:18:49.783 INFO: 1/10	 (7/50)	 res: 0.015567745598666569	Not Converged
13:18:49.792 INFO: 1/10	 (8/50)	 res: 0.010019391493029113	Not Converged
13:18:49.800 INFO: 1/10	 (9/50)	 res: 0.0066746975600006997	Not Converged
13:18:49.809 INFO: 1/10	 (10/50)	 res: 0.0049247533671365959	Not Converged
13:18:49.818 INFO: 1/10	 (11/50)	 res: 0.0032258889413866233	Not Converged
13:18:49.826 INFO: 1/10	 (12/50)	 res: 0.0024977783821767555	Not Converged
13:18:49.835 INFO: 1/10	 (13/50)	 res: 0.0020284516428765642	Not Converged
13:18:49.843 INFO: 1/10	 (14/50)	 res: 0.0015051767032885546	Not Converged
13:18:49.852 INFO: 1/10	 (15/50)	 res: 0.00125061140984824	Not Converged
13:18:49.860 INFO: 1/10	 (16/50)	 res: 0.00106523751588851	Not Converged
13:18:49.868 INFO: 1/10	 (17/50)	 res: 0.00087384165757890624	Not Converged
13:18:49.877 INFO: 1/10	 (18/50)	 res: 0.00068443647108664123	Not Converged
13:18:49.885 INFO: 1/10	 (19/50)	 res: 0.00060474317093374744	Not Converged
13:18:49.894 INFO: 1/10	 (20/50)	 res: 0.00051158884590468386	Not Converged
13:18:49.902 INFO: 1/10	 (21/50)	 res: 0.00041678663443628757	Not Converged
13:18:49.911 INFO: 1/10	 (22/50)	 res: 0.00038322156100942668	Not Converged
13:18:49.919 INFO: 1/10	 (23/50)	 res: 0.00034089941490970368	Not Converged
13:18:49.928 INFO: 1/10	 (24/50)	 res: 0.00029558655681449384	Not Converged
13:18:49.936 INFO: 1/10	 (25/50)	 res: 0.00026609813665979165	Not Converged
13:18:49.945 INFO: 1/10	 (26/50)	 res: 0.00024063628762124178	Not Converged
13:18:49.953 INFO: 1/10	 (27/50)	 res: 0.00021357722019279269	Not Converged
13:18:49.962 INFO: 1/10	 (28/50)	 res: 0.00019106112163564846	Not Converged
13:18:49.970 INFO: 1/10	 (29/50)	 res: 0.00017552600950980908	Not Converged
13:18:49.978 INFO: 1/10	 (30/50)	 res: 0.00015559655449379794	Not Converged
13:18:49.987 INFO: 1/10	 (31/50)	 res: 0.0001437496802515586	Not Converged
13:18:49.995 INFO: 1/10	 (32/50)	 res: 0.00013423244574064798	Not Converged
13:18:50.004 INFO: 1/10	 (33/50)	 res: 0.00011991845551021416	Not Converged
13:18:50.012 INFO: 1/10	 (34/50)	 res: 0.00010652089337605321	Not Converged
13:18:50.021 INFO: 1/10	 (35/50)	 res: 9.9625372745428581e-05	Not Converged
13:18:50.029 INFO: 1/10	 (36/50)	 res: 9.11665112380412e-05	Not Converged
13:18:50.038 INFO: 1/10	 (37/50)	 res: 8.3370005880717649e-05	Not Converged
13:18:50.046 INFO: 1/10	 (38/50)	 res: 7.8620002615711117e-05	Not Converged
13:18:50.055 INFO: 1/10	 (39/50)	 res: 7.3561299224631735e-05	Not Converged
13:18:50.063 INFO: 1/10	 (40/50)	 res: 6.7161848486807998e-05	Not Converged
13:18:50.071 INFO: 1/10	 (41/50)	 res: 6.2226949013532672e-05	Not Converged
13:18:50.080 INFO: 1/10	 (42/50)	 res: 5.8956516072568837e-05	Not Converged
13:18:50.089 INFO: 1/10	 (43/50)	 res: 5.349835829044108e-05	Not Converged
13:18:50.097 INFO: 1/10	 (44/50)	 res: 4.9107210079960077e-05	Not Converged
13:18:50.106 INFO: 1/10	 (45/50)	 res: 4.612798897014965e-05	Not Converged
13:18:50.114 INFO: 1/10	 (46/50)	 res: 4.2570728164231129e-05	Not Converged
13:18:50.123 INFO: 1/10	 (47/50)	 res: 3.8248963335394626e-05	Not Converged
13:18:50.131 INFO: 1/10	 (48/50)	 res: 3.5855242174767281e-05	Not Converged
13:18:50.140 INFO: 1/10	 (49/50)	 res: 3.344859269018178e-05	Not Converged
13:18:50.148 INFO: 1/10	 (50/50)	 res: 3.1191841953096225e-05	Not Converged
13:18:50.157 INFO: 1/10	 (51/50)	 res: 2.9240930733734706e-05	Not Converged
13:18:50.166 INFO: 1/10	 (52/50)	 res: 2.8025504420373875e-05	Not Converged
13:18:50.173 INFO: 1/10	 (53/50)	 res: 2.6333729328512646e-05	Not Converged
13:18:50.180 INFO: 1/10	 (54/50)	 res: 2.4956696666506404e-05	Not Converged
13:18:50.188 INFO: 1/10	 (55/50)	 res: 2.325681679176804e-05	Not Converged
13:18:50.196 INFO: 1/10	 (56/50)	 res: 2.2074663600768454e-05	Not Converged
13:18:50.205 INFO: 1/10	 (57/50)	 res: 2.0483599094428987e-05	Not Converged
13:18:50.213 INFO: 1/10	 (58/50)	 res: 1.9376036854002525e-05	Not Converged
13:18:50.222 INFO: 1/10	 (59/50)	 res: 1.8647935646985219e-05	Not Converged
13:18:50.223 INFO: Writing to file
13:18:50.226 INFO: Finished
13:18:50.226 DEBUG: Virtual memory used: 74136 kB
13:18:50.226 DEBUG: Physical memory used: 74136 kB
13:18:50.226 INFO: Visualisation of the estimated chi using FWI
13:18:50.226 INFO: 22221213236676667676696777788698899989898887888888
13:18:50.227 INFO: 23322232223222322123212331323221121311222222222222
13:18:50.227 INFO: 22321322327767666677867867888778889998888977888988
13:18:50.227 INFO: 23222222321232212122123221233113111231123321222232
13:18:50.227 INFO: 22232233236776677667767878867888888988898788788788
13:18:50.227 INFO: 31332232331320231232221122222311211122202212212212
13:18:50.227 INFO: 32222312237666677777877777788789987899887787777787
13:18:50.227 INFO: 22223222232222223213311212312322221232222112111221
13:18:50.227 INFO: 13222222236667677767777788777898888899997777778786
13:18:50.227 INFO: 12212222132122222231132122222222122222222211221221
13:18:50.231 INFO: CPU time: 0.914702 seconds
13:18:50.231 INFO: Wall time: 1.103seconds
13:18:50.231 DEBUG: Virtual memory used: 567864 kB
13:18:50.231 DEBUG: Physical memory used: 74136 kB
