13:33:35.329 INFO: Starting Inversion Process
13:33:35.329 INFO: Starting Inversion Process
13:33:35.329 INFO: Total number of Sources is 10. Positions:
13:33:35.329 INFO: x = (-480, -5)
13:33:35.329 INFO: x = (-373.333, -5)
13:33:35.329 INFO: x = (-266.667, -5)
13:33:35.329 INFO: x = (-160, -5)
13:33:35.329 INFO: x = (-53.3333, -5)
13:33:35.329 INFO: x = (53.3333, -5)
13:33:35.329 INFO: x = (160, -5)
13:33:35.329 INFO: x = (266.667, -5)
13:33:35.329 INFO: x = (373.333, -5)
13:33:35.329 INFO: x = (480, -5)
13:33:35.329 INFO: Total number is Receivers is 10. Positions:
13:33:35.329 INFO: x = (-480, -5)
13:33:35.329 INFO: x = (-373.333, -5)
13:33:35.329 INFO: x = (-266.667, -5)
13:33:35.329 INFO: x = (-160, -5)
13:33:35.329 INFO: x = (-53.3333, -5)
13:33:35.329 INFO: x = (53.3333, -5)
13:33:35.329 INFO: x = (160, -5)
13:33:35.329 INFO: x = (266.667, -5)
13:33:35.329 INFO: x = (373.333, -5)
13:33:35.329 INFO: x = (480, -5)
13:33:35.329 INFO: Total number of frequencies is 5. Values:
13:33:35.329 INFO: f = 10, k = 0.0314159
13:33:35.329 INFO: f = 17.5, k = 0.0549779
13:33:35.329 INFO: f = 25, k = 0.0785398
13:33:35.329 INFO: f = 32.5, k = 0.102102
13:33:35.329 INFO: f = 40, k = 0.125664
13:33:35.329 INFO: Visualisation of input chi (to be reconstructed)
13:33:35.329 INFO: 88888888888888888888888888888888888888888888888888
13:33:35.329 INFO: 88888888888888888888888888888888888888888888888888
13:33:35.329 INFO: 88888888888888888888888888888888888888888888888888
13:33:35.329 INFO: 88888888888888888888888888888888888888888888888888
13:33:35.329 INFO: 88888888888888888888888888888888888888888888888888
13:33:35.329 INFO: 88888888888888888888888888888888888888888888888888
13:33:35.329 INFO: 88888888888888888888888888888888888888888888888888
13:33:35.329 INFO: 88888888888888888888888888888888888888888888888888
13:33:35.329 INFO: 88888888888888888888888888888888888888888888888888
13:33:35.329 INFO: 88888888888888888888888888888888888888888888888888
13:33:35.332 INFO: Starting
13:33:35.332 DEBUG: Virtual memory used: 6500 kB
13:33:35.332 DEBUG: Physical memory used: 6500 kB
13:33:35.332 INFO: Create ForwardModel
13:33:35.332 INFO: Creating Greens function field...
13:33:36.543 INFO: Creating initial Ptot
