14:01:33.339 INFO: Starting Inversion Process
14:01:33.339 INFO: Total number of Sources is 10. Positions:
14:01:33.339 INFO: x = (-480, -5)
14:01:33.339 INFO: x = (-373.333, -5)
14:01:33.339 INFO: x = (-266.667, -5)
14:01:33.339 INFO: x = (-160, -5)
14:01:33.339 INFO: x = (-53.3333, -5)
14:01:33.339 INFO: x = (53.3333, -5)
14:01:33.339 INFO: x = (160, -5)
14:01:33.339 INFO: x = (266.667, -5)
14:01:33.339 INFO: x = (373.333, -5)
14:01:33.339 INFO: x = (480, -5)
14:01:33.339 INFO: Total number is Receivers is 10. Positions:
14:01:33.339 INFO: x = (-480, -5)
14:01:33.339 INFO: x = (-373.333, -5)
14:01:33.339 INFO: x = (-266.667, -5)
14:01:33.339 INFO: x = (-160, -5)
14:01:33.339 INFO: x = (-53.3333, -5)
14:01:33.339 INFO: x = (53.3333, -5)
14:01:33.339 INFO: x = (160, -5)
14:01:33.339 INFO: x = (266.667, -5)
14:01:33.339 INFO: x = (373.333, -5)
14:01:33.339 INFO: x = (480, -5)
14:01:33.339 INFO: Total number of frequencies is 5. Values:
14:01:33.339 INFO: f = 10, k = 0.0314159
14:01:33.339 INFO: f = 17.5, k = 0.0549779
14:01:33.339 INFO: f = 25, k = 0.0785398
14:01:33.339 INFO: f = 32.5, k = 0.102102
14:01:33.339 INFO: f = 40, k = 0.125664
14:01:33.339 INFO: Visualisation of input chi (to be reconstructed)
14:01:33.340 INFO: 22222222227777777777777777777799999999998888888888
14:01:33.340 INFO: 22222222222222222222222222222222222222222222222222
14:01:33.343 INFO: Starting
14:01:33.343 DEBUG: Virtual memory used: 3048 kB
14:01:33.343 DEBUG: Physical memory used: 3048 kB
14:01:33.343 INFO: Create ForwardModel
14:01:33.343 INFO: Creating Greens function field...
14:01:33.585 INFO: Creating initial Ptot
14:01:33.789 INFO: Create inversionModel
14:01:33.790 INFO: Estimating Chi...
14:01:33.812 INFO: 1/10	 (1/50)	 res: 0.053188199057211644	Not Converged
14:01:33.822 INFO: 1/10	 (2/50)	 res: 0.044586096888983538	Not Converged
14:01:33.833 INFO: 1/10	 (3/50)	 res: 0.025436225849143016	Not Converged
14:01:33.843 INFO: 1/10	 (4/50)	 res: 0.015640068947819954	Not Converged
14:01:33.852 INFO: 1/10	 (5/50)	 res: 0.010395637066405002	Not Converged
14:01:33.862 INFO: 1/10	 (6/50)	 res: 0.0074300925024445913	Not Converged
14:01:33.873 INFO: 1/10	 (7/50)	 res: 0.0055335592237262662	Not Converged
14:01:33.882 INFO: 1/10	 (8/50)	 res: 0.0042740376345064158	Not Converged
14:01:33.893 INFO: 1/10	 (9/50)	 res: 0.0033589269649375196	Not Converged
14:01:33.902 INFO: 1/10	 (10/50)	 res: 0.0026837137097327386	Not Converged
14:01:33.913 INFO: 1/10	 (11/50)	 res: 0.002166909372466652	Not Converged
14:01:33.923 INFO: 1/10	 (12/50)	 res: 0.0017728068446127574	Not Converged
14:01:33.933 INFO: 1/10	 (13/50)	 res: 0.0014660050902156104	Not Converged
14:01:33.943 INFO: 1/10	 (14/50)	 res: 0.0012268279654478677	Not Converged
14:01:33.953 INFO: 1/10	 (15/50)	 res: 0.0010363702431504731	Not Converged
14:01:33.962 INFO: 1/10	 (16/50)	 res: 0.00088382610316565743	Not Converged
14:01:33.973 INFO: 1/10	 (17/50)	 res: 0.00075934030680636152	Not Converged
14:01:33.982 INFO: 1/10	 (18/50)	 res: 0.00065718922959617418	Not Converged
14:01:33.993 INFO: 1/10	 (19/50)	 res: 0.00057209276182910616	Not Converged
14:01:33.002 INFO: 1/10	 (20/50)	 res: 0.00050092321369588468	Not Converged
14:01:34.012 INFO: 1/10	 (21/50)	 res: 0.00044066555108893829	Not Converged
14:01:34.022 INFO: 1/10	 (22/50)	 res: 0.00038951847412995979	Not Converged
14:01:34.032 INFO: 1/10	 (23/50)	 res: 0.0003456346911308356	Not Converged
14:01:34.042 INFO: 1/10	 (24/50)	 res: 0.00030795129982118778	Not Converged
14:01:34.052 INFO: 1/10	 (25/50)	 res: 0.00027523727258284292	Not Converged
14:01:34.063 INFO: 1/10	 (26/50)	 res: 0.00024688650589321716	Not Converged
14:01:34.073 INFO: 1/10	 (27/50)	 res: 0.00022200574713512983	Not Converged
14:01:34.082 INFO: 1/10	 (28/50)	 res: 0.00020030374804129596	Not Converged
14:01:34.092 INFO: 1/10	 (29/50)	 res: 0.0001810319390404902	Not Converged
14:01:34.102 INFO: 1/10	 (30/50)	 res: 0.00016421057713793299	Not Converged
14:01:34.112 INFO: 1/10	 (31/50)	 res: 0.00014901290695896083	Not Converged
14:01:34.122 INFO: 1/10	 (32/50)	 res: 0.00013591297631657053	Not Converged
14:01:34.132 INFO: 1/10	 (33/50)	 res: 0.00012364371618053187	Not Converged
14:01:34.141 INFO: 1/10	 (34/50)	 res: 0.00011367270250109022	Not Converged
14:01:34.152 INFO: 1/10	 (35/50)	 res: 0.00010339937692488227	Not Converged
14:01:34.161 INFO: 1/10	 (36/50)	 res: 9.6823401002957976e-05	Not Converged
14:01:34.171 INFO: 1/10	 (37/50)	 res: 8.8301327110075186e-05	Not Converged
14:01:34.181 INFO: 1/10	 (38/50)	 res: 8.4592890071206388e-05	Not Converged
14:01:34.191 INFO: 1/10	 (39/50)	 res: 7.7342863530732007e-05	Not Converged
14:01:34.201 INFO: 1/10	 (40/50)	 res: 7.3695820752404549e-05	Not Converged
14:01:34.211 INFO: 1/10	 (41/50)	 res: 6.7696676183093374e-05	Not Converged
14:01:34.221 INFO: 1/10	 (42/50)	 res: 6.5246242310694396e-05	Not Converged
14:01:34.231 INFO: 1/10	 (43/50)	 res: 6.0042730790564197e-05	Not Converged
14:01:34.241 INFO: 1/10	 (44/50)	 res: 5.7325501230832106e-05	Not Converged
14:01:34.251 INFO: 1/10	 (45/50)	 res: 5.308235155942488e-05	Not Converged
14:01:34.261 INFO: 1/10	 (46/50)	 res: 5.1423776826870366e-05	Not Converged
14:01:34.271 INFO: 1/10	 (47/50)	 res: 4.7678587732401064e-05	Not Converged
14:01:34.281 INFO: 1/10	 (48/50)	 res: 4.5234086280365706e-05	Not Converged
14:01:34.291 INFO: 1/10	 (49/50)	 res: 4.2173786711723548e-05	Not Converged
14:01:34.301 INFO: 1/10	 (50/50)	 res: 4.1007515326434623e-05	Not Converged
14:01:34.311 INFO: 1/10	 (51/50)	 res: 3.8287005049656685e-05	Not Converged
14:01:34.321 INFO: 1/10	 (52/50)	 res: 3.6162127629422558e-05	Not Converged
14:01:34.331 INFO: 1/10	 (53/50)	 res: 3.3771060120461566e-05	Not Converged
14:01:34.341 INFO: 1/10	 (54/50)	 res: 3.2894110455872558e-05	Not Converged
14:01:34.342 INFO: Writing to file
14:01:34.344 INFO: Finished
14:01:34.344 DEBUG: Virtual memory used: 88440 kB
14:01:34.344 DEBUG: Physical memory used: 88440 kB
14:01:34.344 INFO: Visualisation of the estimated chi using FWI
14:01:34.344 INFO: 22222222236766766777777777777888988999888888888888
14:01:34.344 INFO: 22222222221222222222222222222222222222222222222222
14:01:34.344 INFO: 22222222222222222222222222222222222222222222222222
14:01:34.344 INFO: 22222222222222222222222222222222222222222222222222
14:01:34.344 INFO: 22222222222222222222222222222222222222222222222222
14:01:34.347 INFO: CPU time: 0.5954 seconds
14:01:34.347 INFO: Wall time: 1.00148seconds
14:01:34.347 DEBUG: Virtual memory used: 580356 kB
14:01:34.347 DEBUG: Physical memory used: 88440 kB
