20:30:30.130 INFO: Starting Inversion Process
20:30:30.130 INFO: Starting Inversion Process
20:30:30.130 INFO: Total number of Sources is 7. Positions:
20:30:30.130 INFO: x = (-480, -5)
20:30:30.130 INFO: x = (-320, -5)
20:30:30.130 INFO: x = (-160, -5)
20:30:30.130 INFO: x = (0, -5)
20:30:30.130 INFO: x = (160, -5)
20:30:30.130 INFO: x = (320, -5)
20:30:30.130 INFO: x = (480, -5)
20:30:30.130 INFO: Total number is Receivers is 7. Positions:
20:30:30.130 INFO: x = (-480, -5)
20:30:30.130 INFO: x = (-320, -5)
20:30:30.130 INFO: x = (-160, -5)
20:30:30.130 INFO: x = (0, -5)
20:30:30.130 INFO: x = (160, -5)
20:30:30.130 INFO: x = (320, -5)
20:30:30.130 INFO: x = (480, -5)
20:30:30.130 INFO: Total number of frequencies is 6. Values:
20:30:30.130 INFO: f = 10, k = 0.0314159
20:30:30.130 INFO: f = 16, k = 0.0502655
20:30:30.130 INFO: f = 22, k = 0.069115
20:30:30.130 INFO: f = 28, k = 0.0879646
20:30:30.130 INFO: f = 34, k = 0.106814
20:30:30.130 INFO: f = 40, k = 0.125664
20:30:30.130 INFO: Visualisation of input chi (to be reconstructed)
20:30:30.131 INFO: 2222222222
20:30:30.131 INFO: 7777777777
20:30:30.131 INFO: 7777777777
20:30:30.131 INFO: 9999999999
20:30:30.131 INFO: 8888888888
20:30:30.131 INFO: 2222222222
20:30:30.131 INFO: 2222222222
20:30:30.131 INFO: 2222222222
20:30:30.131 INFO: 2222222222
20:30:30.131 INFO: 2222222222
20:30:30.134 INFO: Starting
20:30:30.134 DEBUG: Virtual memory used: 370832 kB
20:30:30.134 DEBUG: Physical memory used: 370832 kB
20:30:30.134 INFO: Create ForwardModel
20:30:30.135 INFO: Creating Greens function field...
20:30:30.171 INFO: Creating initial Ptot
20:30:30.213 INFO: Create inversionModel
20:30:30.214 INFO: Estimating Chi...
20:30:30.217 INFO: 1/10	 (1/50)	 res: 0.41624592739469823	Not Converged
20:30:30.219 INFO: 1/10	 (2/50)	 res: 0.43937801525716919	Not Converged
20:30:30.221 INFO: 1/10	 (3/50)	 res: 0.2735634553192659	Not Converged
20:30:30.222 INFO: 1/10	 (4/50)	 res: 0.14528153307232838	Not Converged
20:30:30.224 INFO: 1/10	 (5/50)	 res: 0.063822894676906022	Not Converged
20:30:30.225 INFO: 1/10	 (6/50)	 res: 0.035282410941425042	Not Converged
20:30:30.227 INFO: 1/10	 (7/50)	 res: 0.022164154523179075	Not Converged
20:30:30.228 INFO: 1/10	 (8/50)	 res: 0.012549184612338905	Not Converged
20:30:30.230 INFO: 1/10	 (9/50)	 res: 0.0095935020133625891	Not Converged
20:30:30.231 INFO: 1/10	 (10/50)	 res: 0.0064621390168478092	Not Converged
20:30:30.232 INFO: 1/10	 (11/50)	 res: 0.0043500811915164368	Not Converged
20:30:30.234 INFO: 1/10	 (12/50)	 res: 0.0029655147866634868	Not Converged
20:30:30.235 INFO: 1/10	 (13/50)	 res: 0.0022279335794097837	Not Converged
20:30:30.237 INFO: 1/10	 (14/50)	 res: 0.0013708605803193102	Not Converged
20:30:30.239 INFO: 1/10	 (15/50)	 res: 0.0010300997243874637	Not Converged
20:30:30.240 INFO: 1/10	 (16/50)	 res: 0.00077142594544216624	Not Converged
20:30:30.241 INFO: 1/10	 (17/50)	 res: 0.00056474176387859222	Not Converged
20:30:30.243 INFO: 1/10	 (18/50)	 res: 0.0003343252469106039	Not Converged
20:30:30.244 INFO: 1/10	 (19/50)	 res: 0.00024807823649120042	Not Converged
20:30:30.246 INFO: 1/10	 (20/50)	 res: 0.00017990728203311134	Not Converged
20:30:30.247 INFO: 1/10	 (21/50)	 res: 0.00011639580898565882	Not Converged
20:30:30.248 INFO: 1/10	 (22/50)	 res: 9.6355766944401848e-05	Not Converged
20:30:30.249 INFO: 1/10	 (23/50)	 res: 6.4312590231751607e-05	Not Converged
20:30:30.251 INFO: 1/10	 (24/50)	 res: 3.9461094047064767e-05	Not Converged
20:30:30.252 INFO: 1/10	 (25/50)	 res: 2.9432797199894452e-05	Not Converged
20:30:30.254 INFO: 1/10	 (26/50)	 res: 1.8686452887147262e-05	Not Converged
20:30:30.255 INFO: 1/10	 (27/50)	 res: 1.0432862227606194e-05	Not Converged
20:30:30.257 INFO: 1/10	 (28/50)	 res: 6.8528291480949796e-06	Not Converged
20:30:30.258 INFO: 1/10	 (29/50)	 res: 4.7656453768589812e-06	Not Converged
20:30:30.259 INFO: 1/10	 (30/50)	 res: 2.7856791478780247e-06	Not Converged
20:30:30.261 INFO: 1/10	 (31/50)	 res: 1.395576034406804e-06	Not Converged
20:30:30.263 INFO: 1/10	 (32/50)	 res: 9.50815094966177e-07	Converged
20:30:30.264 INFO: Writing to file
20:30:30.266 INFO: Finished
20:30:30.267 DEBUG: Virtual memory used: 372068 kB
20:30:30.267 DEBUG: Physical memory used: 372068 kB
20:30:30.267 INFO: Visualisation of the estimated chi using FWI
20:30:30.267 INFO: 2222222222
20:30:30.267 INFO: 7777777777
20:30:30.267 INFO: 7777777777
20:30:30.267 INFO: 9999999999
20:30:30.267 INFO: 8888888888
20:30:30.267 INFO: 2222222222
20:30:30.267 INFO: 2222222222
20:30:30.267 INFO: 2222222222
20:30:30.267 INFO: 2222222222
20:30:30.267 INFO: 2222222222
20:30:30.289 INFO: CPU time: 0.116041 seconds
20:30:30.289 INFO: Wall time: 0.13257seconds
20:30:30.289 DEBUG: Virtual memory used: 871280 kB
20:30:30.289 DEBUG: Physical memory used: 372068 kB
