21:51:40.722 INFO: Starting Inversion Process
21:51:40.722 INFO: Starting Inversion Process
21:51:40.722 INFO: Total number of Sources is 20. Positions:
21:51:40.722 INFO: x = (-480, -5)
21:51:40.722 INFO: x = (-429.474, -5)
21:51:40.722 INFO: x = (-378.947, -5)
21:51:40.722 INFO: x = (-328.421, -5)
21:51:40.722 INFO: x = (-277.895, -5)
21:51:40.722 INFO: x = (-227.368, -5)
21:51:40.722 INFO: x = (-176.842, -5)
21:51:40.722 INFO: x = (-126.316, -5)
21:51:40.722 INFO: x = (-75.7895, -5)
21:51:40.722 INFO: x = (-25.2632, -5)
21:51:40.722 INFO: x = (25.2632, -5)
21:51:40.722 INFO: x = (75.7895, -5)
21:51:40.722 INFO: x = (126.316, -5)
21:51:40.722 INFO: x = (176.842, -5)
21:51:40.722 INFO: x = (227.368, -5)
21:51:40.722 INFO: x = (277.895, -5)
21:51:40.722 INFO: x = (328.421, -5)
21:51:40.722 INFO: x = (378.947, -5)
21:51:40.722 INFO: x = (429.474, -5)
21:51:40.722 INFO: x = (480, -5)
21:51:40.722 INFO: Total number is Receivers is 20. Positions:
21:51:40.722 INFO: x = (-480, -5)
21:51:40.722 INFO: x = (-429.474, -5)
21:51:40.722 INFO: x = (-378.947, -5)
21:51:40.722 INFO: x = (-328.421, -5)
21:51:40.722 INFO: x = (-277.895, -5)
21:51:40.722 INFO: x = (-227.368, -5)
21:51:40.722 INFO: x = (-176.842, -5)
21:51:40.722 INFO: x = (-126.316, -5)
21:51:40.722 INFO: x = (-75.7895, -5)
21:51:40.722 INFO: x = (-25.2632, -5)
21:51:40.722 INFO: x = (25.2632, -5)
21:51:40.722 INFO: x = (75.7895, -5)
21:51:40.722 INFO: x = (126.316, -5)
21:51:40.722 INFO: x = (176.842, -5)
21:51:40.722 INFO: x = (227.368, -5)
21:51:40.722 INFO: x = (277.895, -5)
21:51:40.722 INFO: x = (328.421, -5)
21:51:40.722 INFO: x = (378.947, -5)
21:51:40.722 INFO: x = (429.474, -5)
21:51:40.722 INFO: x = (480, -5)
21:51:40.722 INFO: Total number of frequencies is 20. Values:
21:51:40.722 INFO: f = 10, k = 0.0314159
21:51:40.722 INFO: f = 11.5789, k = 0.0363763
21:51:40.722 INFO: f = 13.1579, k = 0.0413367
21:51:40.722 INFO: f = 14.7368, k = 0.0462972
21:51:40.722 INFO: f = 16.3158, k = 0.0512576
21:51:40.722 INFO: f = 17.8947, k = 0.056218
21:51:40.722 INFO: f = 19.4737, k = 0.0611784
21:51:40.722 INFO: f = 21.0526, k = 0.0661388
21:51:40.722 INFO: f = 22.6316, k = 0.0710992
21:51:40.722 INFO: f = 24.2105, k = 0.0760596
21:51:40.722 INFO: f = 25.7895, k = 0.08102
21:51:40.722 INFO: f = 27.3684, k = 0.0859804
21:51:40.722 INFO: f = 28.9474, k = 0.0909408
21:51:40.722 INFO: f = 30.5263, k = 0.0959012
21:51:40.722 INFO: f = 32.1053, k = 0.100862
21:51:40.722 INFO: f = 33.6842, k = 0.105822
21:51:40.722 INFO: f = 35.2632, k = 0.110782
21:51:40.722 INFO: f = 36.8421, k = 0.115743
21:51:40.722 INFO: f = 38.4211, k = 0.120703
21:51:40.722 INFO: f = 40, k = 0.125664
21:51:40.722 INFO: Visualisation of input chi (to be reconstructed)
21:51:40.723 INFO: 2222222222
21:51:40.723 INFO: 7777777777
21:51:40.723 INFO: 7777777777
21:51:40.723 INFO: 9999999999
21:51:40.723 INFO: 8888888888
21:51:40.723 INFO: 2222222222
21:51:40.723 INFO: 2222222222
21:51:40.723 INFO: 2222222222
21:51:40.723 INFO: 2222222222
21:51:40.723 INFO: 2222222222
21:51:40.726 INFO: Starting
21:51:40.727 DEBUG: Virtual memory used: 5492 kB
21:51:40.727 DEBUG: Physical memory used: 5492 kB
21:51:40.727 INFO: Create ForwardModel
21:51:40.728 INFO: Creating Greens function field...
21:51:40.952 INFO: Creating initial Ptot
21:51:41.093 INFO: Create inversionModel
21:51:41.094 INFO: Estimating Chi...
21:51:41.122 INFO: 1/10	 (1/50)	 res: 0.47881405711080927	Not Converged
21:51:41.159 INFO: 1/10	 (2/50)	 res: 0.78198060580712725	Not Converged
21:51:41.195 INFO: 1/10	 (3/50)	 res: 0.51968274861239994	Not Converged
21:51:41.230 INFO: 1/10	 (4/50)	 res: 0.38407796660254162	Not Converged
21:51:41.265 INFO: 1/10	 (5/50)	 res: 0.23869433666683745	Not Converged
21:51:41.293 INFO: 1/10	 (6/50)	 res: 0.064571579515597055	Not Converged
21:51:41.321 INFO: 1/10	 (7/50)	 res: 0.024227785227247129	Not Converged
21:51:41.349 INFO: 1/10	 (8/50)	 res: 0.0077637352840213315	Not Converged
21:51:41.376 INFO: 1/10	 (9/50)	 res: 0.0038936187287048991	Not Converged
21:51:41.403 INFO: 1/10	 (10/50)	 res: 0.0015597542345259655	Not Converged
21:51:41.431 INFO: 1/10	 (11/50)	 res: 0.0005775980496669417	Not Converged
21:51:41.458 INFO: 1/10	 (12/50)	 res: 0.00019440249342758109	Not Converged
21:51:41.486 INFO: 1/10	 (13/50)	 res: 0.00010557811958192661	Not Converged
21:51:41.513 INFO: 1/10	 (14/50)	 res: 3.6802291342185651e-05	Not Converged
21:51:41.541 INFO: 1/10	 (15/50)	 res: 1.1740517884981001e-05	Not Converged
21:51:41.568 INFO: 1/10	 (16/50)	 res: 4.9421617050657215e-06	Not Converged
21:51:41.596 INFO: 1/10	 (17/50)	 res: 2.1623571148208782e-06	Not Converged
21:51:41.623 INFO: 1/10	 (18/50)	 res: 8.4022419393948088e-07	Converged
21:51:41.625 INFO: Writing to file
21:51:41.628 INFO: Finished
21:51:41.628 DEBUG: Virtual memory used: 96712 kB
21:51:41.628 DEBUG: Physical memory used: 96712 kB
21:51:41.628 INFO: Visualisation of the estimated chi using FWI
21:51:41.628 INFO: 2222222222
21:51:41.628 INFO: 7777777777
21:51:41.628 INFO: 7777777777
21:51:41.628 INFO: 9999999999
21:51:41.628 INFO: 8888888888
21:51:41.628 INFO: 2222222222
21:51:41.628 INFO: 2222222222
21:51:41.628 INFO: 2222222222
21:51:41.628 INFO: 2222222222
21:51:41.628 INFO: 2222222222
21:51:41.632 INFO: CPU time: 0.690117 seconds
21:51:41.632 INFO: Wall time: 0.901521seconds
21:51:41.632 DEBUG: Virtual memory used: 591824 kB
21:51:41.632 DEBUG: Physical memory used: 96712 kB
