13:59:29.711 INFO: Starting Inversion Process
13:59:29.711 INFO: Starting Inversion Process
13:59:29.711 INFO: Total number of Sources is 10. Positions:
13:59:29.711 INFO: x = (-480, -5)
13:59:29.711 INFO: x = (-373.333, -5)
13:59:29.711 INFO: x = (-266.667, -5)
13:59:29.711 INFO: x = (-160, -5)
13:59:29.711 INFO: x = (-53.3333, -5)
13:59:29.711 INFO: x = (53.3333, -5)
13:59:29.711 INFO: x = (160, -5)
13:59:29.711 INFO: x = (266.667, -5)
13:59:29.711 INFO: x = (373.333, -5)
13:59:29.711 INFO: x = (480, -5)
13:59:29.711 INFO: Total number is Receivers is 10. Positions:
13:59:29.711 INFO: x = (-480, -5)
13:59:29.711 INFO: x = (-373.333, -5)
13:59:29.711 INFO: x = (-266.667, -5)
13:59:29.711 INFO: x = (-160, -5)
13:59:29.711 INFO: x = (-53.3333, -5)
13:59:29.711 INFO: x = (53.3333, -5)
13:59:29.711 INFO: x = (160, -5)
13:59:29.711 INFO: x = (266.667, -5)
13:59:29.711 INFO: x = (373.333, -5)
13:59:29.711 INFO: x = (480, -5)
13:59:29.711 INFO: Total number of frequencies is 5. Values:
13:59:29.711 INFO: f = 10, k = 0.0314159
13:59:29.711 INFO: f = 17.5, k = 0.0549779
13:59:29.711 INFO: f = 25, k = 0.0785398
13:59:29.711 INFO: f = 32.5, k = 0.102102
13:59:29.711 INFO: f = 40, k = 0.125664
13:59:29.711 INFO: Visualisation of input chi (to be reconstructed)
13:59:29.718 INFO: 22222222227777777777777777777799999999998888888888
13:59:29.718 INFO: 22222222222222222222222222222222222222222222222222
13:59:29.718 INFO: 22222222227777777777777777777799999999998888888888
13:59:29.718 INFO: 22222222222222222222222222222222222222222222222222
13:59:29.718 INFO: 22222222227777777777777777777799999999998888888888
13:59:29.718 INFO: 22222222222222222222222222222222222222222222222222
13:59:29.718 INFO: 22222222227777777777777777777799999999998888888888
13:59:29.718 INFO: 22222222222222222222222222222222222222222222222222
13:59:29.718 INFO: 22222222227777777777777777777799999999998888888888
13:59:29.718 INFO: 22222222222222222222222222222222222222222222222222
13:59:29.720 INFO: Starting
13:59:29.721 DEBUG: Virtual memory used: 5288 kB
13:59:29.721 DEBUG: Physical memory used: 5288 kB
13:59:29.721 INFO: Create ForwardModel
13:59:29.740 INFO: Creating Greens function field...
13:59:30.229 INFO: Creating initial Ptot
13:59:30.367 INFO: Create inversionModel
13:59:30.381 INFO: Estimating Chi...
13:59:30.390 INFO: 1/10	 (1/50)	 res: 0.30506451687839831	Not Converged
13:59:30.399 INFO: 1/10	 (2/50)	 res: 0.30498762393936379	Not Converged
13:59:30.405 INFO: 1/10	 (3/50)	 res: 0.23954725578851074	Not Converged
13:59:30.413 INFO: 1/10	 (4/50)	 res: 0.088721989403625259	Not Converged
13:59:30.419 INFO: 1/10	 (5/50)	 res: 0.053537415712841832	Not Converged
13:59:30.426 INFO: 1/10	 (6/50)	 res: 0.027034098135220352	Not Converged
13:59:30.433 INFO: 1/10	 (7/50)	 res: 0.015567745598666569	Not Converged
13:59:30.439 INFO: 1/10	 (8/50)	 res: 0.010019391493029113	Not Converged
13:59:30.446 INFO: 1/10	 (9/50)	 res: 0.0066746975600006997	Not Converged
13:59:30.453 INFO: 1/10	 (10/50)	 res: 0.0049247533671365959	Not Converged
13:59:30.459 INFO: 1/10	 (11/50)	 res: 0.0032258889413866233	Not Converged
13:59:30.466 INFO: 1/10	 (12/50)	 res: 0.0024977783821767555	Not Converged
13:59:30.473 INFO: 1/10	 (13/50)	 res: 0.0020284516428765642	Not Converged
13:59:30.479 INFO: 1/10	 (14/50)	 res: 0.0015051767032885546	Not Converged
13:59:30.486 INFO: 1/10	 (15/50)	 res: 0.00125061140984824	Not Converged
13:59:30.492 INFO: 1/10	 (16/50)	 res: 0.00106523751588851	Not Converged
13:59:30.499 INFO: 1/10	 (17/50)	 res: 0.00087384165757890624	Not Converged
13:59:30.506 INFO: 1/10	 (18/50)	 res: 0.00068443647108664123	Not Converged
13:59:30.512 INFO: 1/10	 (19/50)	 res: 0.00060474317093374744	Not Converged
13:59:30.519 INFO: 1/10	 (20/50)	 res: 0.00051158884590468386	Not Converged
13:59:30.526 INFO: 1/10	 (21/50)	 res: 0.00041678663443628757	Not Converged
13:59:30.533 INFO: 1/10	 (22/50)	 res: 0.00038322156100942668	Not Converged
13:59:30.539 INFO: 1/10	 (23/50)	 res: 0.00034089941490970368	Not Converged
13:59:30.546 INFO: 1/10	 (24/50)	 res: 0.00029558655681449384	Not Converged
13:59:30.553 INFO: 1/10	 (25/50)	 res: 0.00026609813665979165	Not Converged
13:59:30.559 INFO: 1/10	 (26/50)	 res: 0.00024063628762124178	Not Converged
13:59:30.566 INFO: 1/10	 (27/50)	 res: 0.00021357722019279269	Not Converged
13:59:30.573 INFO: 1/10	 (28/50)	 res: 0.00019106112163564846	Not Converged
13:59:30.579 INFO: 1/10	 (29/50)	 res: 0.00017552600950980908	Not Converged
13:59:30.586 INFO: 1/10	 (30/50)	 res: 0.00015559655449379794	Not Converged
13:59:30.593 INFO: 1/10	 (31/50)	 res: 0.0001437496802515586	Not Converged
13:59:30.600 INFO: 1/10	 (32/50)	 res: 0.00013423244574064798	Not Converged
13:59:30.606 INFO: 1/10	 (33/50)	 res: 0.00011991845551021416	Not Converged
13:59:30.613 INFO: 1/10	 (34/50)	 res: 0.00010652089337605321	Not Converged
13:59:30.620 INFO: 1/10	 (35/50)	 res: 9.9625372745428581e-05	Not Converged
13:59:30.626 INFO: 1/10	 (36/50)	 res: 9.11665112380412e-05	Not Converged
13:59:30.633 INFO: 1/10	 (37/50)	 res: 8.3370005880717649e-05	Not Converged
13:59:30.640 INFO: 1/10	 (38/50)	 res: 7.8620002615711117e-05	Not Converged
13:59:30.646 INFO: 1/10	 (39/50)	 res: 7.3561299224631735e-05	Not Converged
13:59:30.653 INFO: 1/10	 (40/50)	 res: 6.7161848486807998e-05	Not Converged
13:59:30.659 INFO: 1/10	 (41/50)	 res: 6.2226949013532672e-05	Not Converged
13:59:30.666 INFO: 1/10	 (42/50)	 res: 5.8956516072568837e-05	Not Converged
13:59:30.673 INFO: 1/10	 (43/50)	 res: 5.349835829044108e-05	Not Converged
13:59:30.680 INFO: 1/10	 (44/50)	 res: 4.9107210079960077e-05	Not Converged
13:59:30.687 INFO: 1/10	 (45/50)	 res: 4.612798897014965e-05	Not Converged
13:59:30.694 INFO: 1/10	 (46/50)	 res: 4.2570728164231129e-05	Not Converged
13:59:30.700 INFO: 1/10	 (47/50)	 res: 3.8248963335394626e-05	Not Converged
13:59:30.707 INFO: 1/10	 (48/50)	 res: 3.5855242174767281e-05	Not Converged
13:59:30.714 INFO: 1/10	 (49/50)	 res: 3.344859269018178e-05	Not Converged
13:59:30.721 INFO: 1/10	 (50/50)	 res: 3.1191841953096225e-05	Not Converged
13:59:30.727 INFO: 1/10	 (51/50)	 res: 2.9240930733734706e-05	Not Converged
13:59:30.734 INFO: 1/10	 (52/50)	 res: 2.8025504420373875e-05	Not Converged
13:59:30.741 INFO: 1/10	 (53/50)	 res: 2.6333729328512646e-05	Not Converged
13:59:30.747 INFO: 1/10	 (54/50)	 res: 2.4956696666506404e-05	Not Converged
13:59:30.754 INFO: 1/10	 (55/50)	 res: 2.325681679176804e-05	Not Converged
13:59:30.761 INFO: 1/10	 (56/50)	 res: 2.2074663600768454e-05	Not Converged
13:59:30.768 INFO: 1/10	 (57/50)	 res: 2.0483599094428987e-05	Not Converged
13:59:30.775 INFO: 1/10	 (58/50)	 res: 1.9376036854002525e-05	Not Converged
13:59:30.781 INFO: 1/10	 (59/50)	 res: 1.8647935646985219e-05	Not Converged
13:59:30.782 INFO: Writing to file
13:59:30.784 INFO: Finished
13:59:30.784 DEBUG: Virtual memory used: 83468 kB
13:59:30.784 DEBUG: Physical memory used: 83468 kB
13:59:30.784 INFO: Visualisation of the estimated chi using FWI
13:59:30.785 INFO: 22221213236676667676696777788698899989898887888888
13:59:30.785 INFO: 23322232223222322123212331323221121311222222222222
13:59:30.785 INFO: 22321322327767666677867867888778889998888977888988
13:59:30.785 INFO: 23222222321232212122123221233113111231123321222232
13:59:30.785 INFO: 22232233236776677667767878867888888988898788788788
13:59:30.785 INFO: 31332232331320231232221122222311211122202212212212
13:59:30.785 INFO: 32222312237666677777877777788789987899887787777787
13:59:30.785 INFO: 22223222232222223213311212312322221232222112111221
13:59:30.785 INFO: 13222222236667677767777788777898888899997777778786
13:59:30.785 INFO: 12212222132122222231132122222222122222222211221221
13:59:30.789 INFO: CPU time: 0.824526 seconds
13:59:30.789 INFO: Wall time: 1.06389seconds
13:59:30.789 DEBUG: Virtual memory used: 577196 kB
13:59:30.789 DEBUG: Physical memory used: 83468 kB
