15:54:20.853 INFO: Starting Inversion Process
15:54:20.853 INFO: Starting Inversion Process
15:54:20.853 INFO: Total number of Sources is 10. Positions:
15:54:20.853 INFO: x = (-480, -5)
15:54:20.853 INFO: x = (-373.333, -5)
15:54:20.853 INFO: x = (-266.667, -5)
15:54:20.853 INFO: x = (-160, -5)
15:54:20.853 INFO: x = (-53.3333, -5)
15:54:20.853 INFO: x = (53.3333, -5)
15:54:20.853 INFO: x = (160, -5)
15:54:20.853 INFO: x = (266.667, -5)
15:54:20.853 INFO: x = (373.333, -5)
15:54:20.853 INFO: x = (480, -5)
15:54:20.853 INFO: Total number is Receivers is 10. Positions:
15:54:20.853 INFO: x = (-480, -5)
15:54:20.853 INFO: x = (-373.333, -5)
15:54:20.853 INFO: x = (-266.667, -5)
15:54:20.853 INFO: x = (-160, -5)
15:54:20.853 INFO: x = (-53.3333, -5)
15:54:20.853 INFO: x = (53.3333, -5)
15:54:20.853 INFO: x = (160, -5)
15:54:20.853 INFO: x = (266.667, -5)
15:54:20.853 INFO: x = (373.333, -5)
15:54:20.853 INFO: x = (480, -5)
15:54:20.853 INFO: Total number of frequencies is 25. Values:
15:54:20.853 INFO: f = 10, k = 0.0314159
15:54:20.853 INFO: f = 11.25, k = 0.0353429
15:54:20.853 INFO: f = 12.5, k = 0.0392699
15:54:20.853 INFO: f = 13.75, k = 0.0431969
15:54:20.853 INFO: f = 15, k = 0.0471239
15:54:20.853 INFO: f = 16.25, k = 0.0510509
15:54:20.853 INFO: f = 17.5, k = 0.0549779
15:54:20.853 INFO: f = 18.75, k = 0.0589049
15:54:20.853 INFO: f = 20, k = 0.0628319
15:54:20.853 INFO: f = 21.25, k = 0.0667588
15:54:20.853 INFO: f = 22.5, k = 0.0706858
15:54:20.853 INFO: f = 23.75, k = 0.0746128
15:54:20.853 INFO: f = 25, k = 0.0785398
15:54:20.853 INFO: f = 26.25, k = 0.0824668
15:54:20.853 INFO: f = 27.5, k = 0.0863938
15:54:20.853 INFO: f = 28.75, k = 0.0903208
15:54:20.853 INFO: f = 30, k = 0.0942478
15:54:20.853 INFO: f = 31.25, k = 0.0981748
15:54:20.853 INFO: f = 32.5, k = 0.102102
15:54:20.853 INFO: f = 33.75, k = 0.106029
15:54:20.853 INFO: f = 35, k = 0.109956
15:54:20.853 INFO: f = 36.25, k = 0.113883
15:54:20.853 INFO: f = 37.5, k = 0.11781
15:54:20.853 INFO: f = 38.75, k = 0.121737
15:54:20.853 INFO: f = 40, k = 0.125664
15:54:20.853 INFO: Visualisation of input chi (to be reconstructed)
15:54:20.854 INFO: 2222222222
15:54:20.854 INFO: 7777777777
15:54:20.854 INFO: 7777777777
15:54:20.854 INFO: 9999999999
15:54:20.854 INFO: 8888888888
15:54:20.854 INFO: 2222222222
15:54:20.854 INFO: 2222222222
15:54:20.854 INFO: 2222222222
15:54:20.854 INFO: 2222222222
15:54:20.854 INFO: 2222222222
15:54:20.856 INFO: Starting
15:54:20.856 DEBUG: Virtual memory used: 5484 kB
15:54:20.856 DEBUG: Physical memory used: 5484 kB
15:54:20.856 INFO: Create ForwardModel
15:54:20.857 INFO: Creating Greens function field...
15:54:21.035 INFO: Creating initial Ptot
15:54:21.123 INFO: Create inversionModel
15:54:21.123 INFO: Estimating Chi...
15:54:21.131 INFO: 1/10	 (1/50)	 res: 0.4638457703186179	Not Converged
15:54:21.139 INFO: 1/10	 (2/50)	 res: 0.59317149768897459	Not Converged
15:54:21.146 INFO: 1/10	 (3/50)	 res: 0.38890992416055664	Not Converged
15:54:21.153 INFO: 1/10	 (4/50)	 res: 0.17544322111537844	Not Converged
15:54:21.160 INFO: 1/10	 (5/50)	 res: 0.098649930232517835	Not Converged
15:54:21.167 INFO: 1/10	 (6/50)	 res: 0.051339431822182958	Not Converged
15:54:21.174 INFO: 1/10	 (7/50)	 res: 0.025841638966681145	Not Converged
15:54:21.181 INFO: 1/10	 (8/50)	 res: 0.015441021571248657	Not Converged
15:54:21.189 INFO: 1/10	 (9/50)	 res: 0.0069283471493761743	Not Converged
15:54:21.195 INFO: 1/10	 (10/50)	 res: 0.003507430971685154	Not Converged
15:54:21.202 INFO: 1/10	 (11/50)	 res: 0.00122434754092471	Not Converged
15:54:21.209 INFO: 1/10	 (12/50)	 res: 0.0007180130670467336	Not Converged
15:54:21.216 INFO: 1/10	 (13/50)	 res: 0.00029780064857220715	Not Converged
15:54:21.223 INFO: 1/10	 (14/50)	 res: 0.00016974955243791471	Not Converged
15:54:21.230 INFO: 1/10	 (15/50)	 res: 9.3222430373661252e-05	Not Converged
15:54:21.237 INFO: 1/10	 (16/50)	 res: 4.7740323834889304e-05	Not Converged
15:54:21.244 INFO: 1/10	 (17/50)	 res: 2.6654631779990136e-05	Not Converged
15:54:21.251 INFO: 1/10	 (18/50)	 res: 1.3327242835180996e-05	Not Converged
15:54:21.258 INFO: 1/10	 (19/50)	 res: 7.9880015671566866e-06	Not Converged
15:54:21.265 INFO: 1/10	 (20/50)	 res: 4.3237280789397214e-06	Not Converged
15:54:21.272 INFO: 1/10	 (21/50)	 res: 1.9851701012308888e-06	Not Converged
15:54:21.279 INFO: 1/10	 (22/50)	 res: 8.7049627709650248e-07	Converged
15:54:21.280 INFO: Writing to file
15:54:21.283 INFO: Finished
15:54:21.283 DEBUG: Virtual memory used: 79724 kB
15:54:21.283 DEBUG: Physical memory used: 79724 kB
15:54:21.283 INFO: Visualisation of the estimated chi using FWI
15:54:21.283 INFO: 2222222222
15:54:21.283 INFO: 7777777777
15:54:21.283 INFO: 7777777777
15:54:21.283 INFO: 9999999999
15:54:21.283 INFO: 8888888888
15:54:21.283 INFO: 2222222222
15:54:21.283 INFO: 2222222222
15:54:21.283 INFO: 2222222222
15:54:21.283 INFO: 2222222222
15:54:21.283 INFO: 2222222222
15:54:21.286 INFO: CPU time: 0.353076 seconds
15:54:21.286 INFO: Wall time: 0.426656seconds
15:54:21.286 DEBUG: Virtual memory used: 571356 kB
15:54:21.286 DEBUG: Physical memory used: 79724 kB
