15:58:12.071 INFO: Starting Inversion Process
15:58:12.071 INFO: Starting Inversion Process
15:58:12.071 INFO: Total number of Sources is 10. Positions:
15:58:12.071 INFO: x = (-480, -5)
15:58:12.071 INFO: x = (-373.333, -5)
15:58:12.071 INFO: x = (-266.667, -5)
15:58:12.071 INFO: x = (-160, -5)
15:58:12.071 INFO: x = (-53.3333, -5)
15:58:12.071 INFO: x = (53.3333, -5)
15:58:12.071 INFO: x = (160, -5)
15:58:12.071 INFO: x = (266.667, -5)
15:58:12.071 INFO: x = (373.333, -5)
15:58:12.071 INFO: x = (480, -5)
15:58:12.071 INFO: Total number is Receivers is 10. Positions:
15:58:12.071 INFO: x = (-480, -5)
15:58:12.071 INFO: x = (-373.333, -5)
15:58:12.071 INFO: x = (-266.667, -5)
15:58:12.071 INFO: x = (-160, -5)
15:58:12.071 INFO: x = (-53.3333, -5)
15:58:12.071 INFO: x = (53.3333, -5)
15:58:12.071 INFO: x = (160, -5)
15:58:12.071 INFO: x = (266.667, -5)
15:58:12.071 INFO: x = (373.333, -5)
15:58:12.071 INFO: x = (480, -5)
15:58:12.071 INFO: Total number of frequencies is 10. Values:
15:58:12.071 INFO: f = 10, k = 0.0314159
15:58:12.071 INFO: f = 13.3333, k = 0.0418879
15:58:12.071 INFO: f = 16.6667, k = 0.0523599
15:58:12.071 INFO: f = 20, k = 0.0628319
15:58:12.071 INFO: f = 23.3333, k = 0.0733038
15:58:12.071 INFO: f = 26.6667, k = 0.0837758
15:58:12.071 INFO: f = 30, k = 0.0942478
15:58:12.071 INFO: f = 33.3333, k = 0.10472
15:58:12.071 INFO: f = 36.6667, k = 0.115192
15:58:12.071 INFO: f = 40, k = 0.125664
15:58:12.071 INFO: Visualisation of input chi (to be reconstructed)
15:58:12.072 INFO: 2222222222
15:58:12.072 INFO: 7777777777
15:58:12.072 INFO: 7777777777
15:58:12.072 INFO: 9999999999
15:58:12.072 INFO: 8888888888
15:58:12.072 INFO: 2222222222
15:58:12.072 INFO: 2222222222
15:58:12.072 INFO: 2222222222
15:58:12.072 INFO: 2222222222
15:58:12.072 INFO: 2222222222
15:58:12.074 INFO: Starting
15:58:12.074 DEBUG: Virtual memory used: 5396 kB
15:58:12.074 DEBUG: Physical memory used: 5396 kB
15:58:12.074 INFO: Create ForwardModel
15:58:12.076 INFO: Creating Greens function field...
15:58:12.154 INFO: Creating initial Ptot
