09:41:51.865 INFO: Starting Inversion Process
09:41:51.865 INFO: Starting Inversion Process
09:41:51.865 INFO: Total number of Sources is 10. Positions:
09:41:51.865 INFO: x = (-480, -5)
09:41:51.865 INFO: x = (-373.333, -5)
09:41:51.865 INFO: x = (-266.667, -5)
09:41:51.865 INFO: x = (-160, -5)
09:41:51.865 INFO: x = (-53.3333, -5)
09:41:51.865 INFO: x = (53.3333, -5)
09:41:51.865 INFO: x = (160, -5)
09:41:51.865 INFO: x = (266.667, -5)
09:41:51.865 INFO: x = (373.333, -5)
09:41:51.865 INFO: x = (480, -5)
09:41:51.865 INFO: Total number is Receivers is 10. Positions:
09:41:51.865 INFO: x = (-480, -5)
09:41:51.865 INFO: x = (-373.333, -5)
09:41:51.865 INFO: x = (-266.667, -5)
09:41:51.865 INFO: x = (-160, -5)
09:41:51.865 INFO: x = (-53.3333, -5)
09:41:51.865 INFO: x = (53.3333, -5)
09:41:51.865 INFO: x = (160, -5)
09:41:51.865 INFO: x = (266.667, -5)
09:41:51.865 INFO: x = (373.333, -5)
09:41:51.865 INFO: x = (480, -5)
09:41:51.865 INFO: Total number of frequencies is 10. Values:
09:41:51.865 INFO: f = 10, k = 0.0314159
09:41:51.865 INFO: f = 13.3333, k = 0.0418879
09:41:51.865 INFO: f = 16.6667, k = 0.0523599
09:41:51.865 INFO: f = 20, k = 0.0628319
09:41:51.865 INFO: f = 23.3333, k = 0.0733038
09:41:51.865 INFO: f = 26.6667, k = 0.0837758
09:41:51.865 INFO: f = 30, k = 0.0942478
09:41:51.865 INFO: f = 33.3333, k = 0.10472
09:41:51.865 INFO: f = 36.6667, k = 0.115192
09:41:51.865 INFO: f = 40, k = 0.125664
09:41:51.865 INFO: Visualisation of input chi (to be reconstructed)
09:41:51.865 INFO: 2222222222
09:41:51.865 INFO: 7777777777
09:41:51.865 INFO: 7777777777
09:41:51.865 INFO: 9999999999
09:41:51.865 INFO: 8888888888
09:41:51.865 INFO: 2222222222
09:41:51.865 INFO: 2222222222
09:41:51.865 INFO: 2222222222
09:41:51.865 INFO: 2222222222
09:41:51.865 INFO: 2222222222
09:41:51.868 INFO: Starting
09:41:51.868 DEBUG: Virtual memory used: 5468 kB
09:41:51.868 DEBUG: Physical memory used: 5468 kB
09:41:51.868 INFO: Create ForwardModel
09:41:51.869 INFO: Creating Greens function field...
09:41:51.947 INFO: Creating initial Ptot
09:41:52.063 INFO: Create inversionModel
09:41:52.064 INFO: Estimating Chi...
09:41:52.070 INFO: 1/10	 (1/50)	 res: 0.42884937786250782	Not Converged
09:41:52.074 INFO: 1/10	 (2/50)	 res: 0.50310101413061348	Not Converged
09:41:52.078 INFO: 1/10	 (3/50)	 res: 0.31103473403234372	Not Converged
09:41:52.081 INFO: 1/10	 (4/50)	 res: 0.12152356754733193	Not Converged
09:41:52.085 INFO: 1/10	 (5/50)	 res: 0.055620297238920494	Not Converged
09:41:52.088 INFO: 1/10	 (6/50)	 res: 0.025274450950453133	Not Converged
09:41:52.092 INFO: 1/10	 (7/50)	 res: 0.013366379081574132	Not Converged
09:41:52.095 INFO: 1/10	 (8/50)	 res: 0.0074913323564931144	Not Converged
09:41:52.099 INFO: 1/10	 (9/50)	 res: 0.0034195505147346082	Not Converged
09:41:52.102 INFO: 1/10	 (10/50)	 res: 0.0012536523629067319	Not Converged
09:41:52.106 INFO: 1/10	 (11/50)	 res: 0.00060072985166948856	Not Converged
09:41:52.109 INFO: 1/10	 (12/50)	 res: 0.0002647589705144342	Not Converged
09:41:52.112 INFO: 1/10	 (13/50)	 res: 0.00015825364831980885	Not Converged
09:41:52.116 INFO: 1/10	 (14/50)	 res: 7.7172208910475981e-05	Not Converged
09:41:52.119 INFO: 1/10	 (15/50)	 res: 3.0009976692351101e-05	Not Converged
09:41:52.122 INFO: 1/10	 (16/50)	 res: 1.0265970996802724e-05	Not Converged
09:41:52.126 INFO: 1/10	 (17/50)	 res: 5.6125748989966965e-06	Not Converged
09:41:52.135 INFO: 1/10	 (18/50)	 res: 3.2676250119339847e-06	Not Converged
09:41:52.139 INFO: 1/10	 (19/50)	 res: 1.7632558723358591e-06	Not Converged
09:41:52.142 INFO: 1/10	 (20/50)	 res: 8.5500274011141136e-07	Converged
09:41:52.143 INFO: Writing to file
09:41:52.145 INFO: Finished
09:41:52.145 DEBUG: Virtual memory used: 70116 kB
09:41:52.145 DEBUG: Physical memory used: 70116 kB
09:41:52.145 INFO: Visualisation of the estimated chi using FWI
09:41:52.146 INFO: 2222222222
09:41:52.146 INFO: 7777777777
09:41:52.146 INFO: 7777777777
09:41:52.146 INFO: 9999999999
09:41:52.146 INFO: 8888888888
09:41:52.146 INFO: 2222222222
09:41:52.146 INFO: 2222222222
09:41:52.146 INFO: 2222222222
09:41:52.146 INFO: 2222222222
09:41:52.146 INFO: 2222222222
09:41:52.149 INFO: CPU time: 0.236364 seconds
09:41:52.149 INFO: Wall time: 0.277233seconds
09:41:52.149 DEBUG: Virtual memory used: 562008 kB
09:41:52.149 DEBUG: Physical memory used: 70116 kB
